Scenario - 
Logfile written - 09/25/2018 17:07:46

Subject	Trial	Event Type	Code	Time	TTime	Uncertainty	Duration	Uncertainty	ReqTime	ReqDur	Stim Type	Pair Index

hulst	1	Port Input	49	469541	458870	1
hulst	1	Pulse	49	469541	458870	1
hulst	2	Picture	13	469712	0	1	29846	3	0	next	other	0
hulst	2	Port Input	49	478040	8328	1
hulst	2	Pulse	49	478040	8328	1
hulst	2	Port Input	49	486540	16828	1
hulst	2	Pulse	49	486540	16828	1
hulst	2	Port Input	49	495039	25327	2
hulst	2	Pulse	49	495039	25327	2
hulst	2	Picture	2	499558	29846	2	29681	3	30000	next	other	0
hulst	2	Port Input	49	503538	33826	1
hulst	2	Pulse	49	503538	33826	1
hulst	2	Port Input	49	512038	42326	1
hulst	2	Pulse	49	512038	42326	1
hulst	2	Port Input	49	520537	50825	1
hulst	2	Pulse	49	520537	50825	1
hulst	2	Port Input	49	529037	59325	1
hulst	2	Pulse	49	529037	59325	1
hulst	3	Picture	12	529239	0	1	29846	2	0	next	other	0
hulst	3	Port Input	49	537537	8298	1
hulst	3	Pulse	49	537537	8298	1
hulst	3	Port Input	49	546037	16798	1
hulst	3	Pulse	49	546037	16798	1
hulst	3	Port Input	49	554535	25296	1
hulst	3	Pulse	49	554535	25296	1
hulst	3	Picture	2	559085	29846	1	89041	2	30000	next	other	0
hulst	3	Port Input	49	563035	33796	1
hulst	3	Pulse	49	563035	33796	1
hulst	3	Port Input	49	571534	42295	1
hulst	3	Pulse	49	571534	42295	1
hulst	3	Port Input	49	580034	50795	1
hulst	3	Pulse	49	580034	50795	1
hulst	3	Port Input	49	588534	59295	1
hulst	3	Pulse	49	588534	59295	1
hulst	3	Port Input	49	597032	67793	2
hulst	3	Pulse	49	597032	67793	2
hulst	3	Port Input	49	605532	76293	1
hulst	3	Pulse	49	605532	76293	1
hulst	3	Port Input	49	614032	84793	1
hulst	3	Pulse	49	614032	84793	1
hulst	3	Port Input	49	622531	93292	1
hulst	3	Pulse	49	622531	93292	1
hulst	3	Port Input	49	631031	101792	1
hulst	3	Pulse	49	631031	101792	1
hulst	3	Port Input	49	639531	110292	1
hulst	3	Pulse	49	639531	110292	1
hulst	3	Port Input	49	648031	118792	1
hulst	3	Pulse	49	648031	118792	1
hulst	4	Picture	14	648126	0	1	30013	2	0	next	other	0
hulst	4	Port Input	49	656529	8403	1
hulst	4	Pulse	49	656529	8403	1
hulst	4	Port Input	49	665029	16903	1
hulst	4	Pulse	49	665029	16903	1
hulst	4	Port Input	49	673528	25402	1
hulst	4	Pulse	49	673528	25402	1
hulst	4	Picture	2	678139	30013	1	72033	2	30000	next	other	0
hulst	4	Port Input	49	682028	33902	1
hulst	4	Pulse	49	682028	33902	1
hulst	4	Port Input	49	690528	42402	1
hulst	4	Pulse	49	690528	42402	1
hulst	4	Port Input	49	699026	50900	2
hulst	4	Pulse	49	699026	50900	2
hulst	4	Port Input	49	707526	59400	1
hulst	4	Pulse	49	707526	59400	1
hulst	4	Port Input	49	716026	67900	1
hulst	4	Pulse	49	716026	67900	1
hulst	4	Port Input	49	724525	76399	1
hulst	4	Pulse	49	724525	76399	1
hulst	4	Port Input	49	733025	84899	1
hulst	4	Pulse	49	733025	84899	1
hulst	4	Port Input	49	741524	93398	1
hulst	4	Pulse	49	741524	93398	1
hulst	4	Port Input	49	750023	101897	2
hulst	4	Pulse	49	750023	101897	2
hulst	5	Picture	12	750172	0	1	30013	2	0	next	other	0
hulst	5	Port Input	49	758523	8351	1
hulst	5	Pulse	49	758523	8351	1
hulst	5	Port Input	49	767022	16850	1
hulst	5	Pulse	49	767022	16850	1
hulst	5	Port Input	49	775522	25350	1
hulst	5	Pulse	49	775522	25350	1
hulst	5	Picture	2	780185	30013	1	80370	2	30000	next	other	0
hulst	5	Port Input	49	784022	33850	1
hulst	5	Pulse	49	784022	33850	1
hulst	5	Port Input	49	792521	42349	1
hulst	5	Pulse	49	792521	42349	1
hulst	5	Port Input	49	801020	50848	2
hulst	5	Pulse	49	801020	50848	2
hulst	5	Port Input	49	809520	59348	1
hulst	5	Pulse	49	809520	59348	1
hulst	5	Port Input	49	818019	67847	1
hulst	5	Pulse	49	818019	67847	1
hulst	5	Port Input	49	826519	76347	1
hulst	5	Pulse	49	826519	76347	1
hulst	5	Port Input	49	835019	84847	1
hulst	5	Pulse	49	835019	84847	1
hulst	5	Port Input	49	843518	93346	1
hulst	5	Pulse	49	843518	93346	1
hulst	5	Port Input	49	852017	101845	2
hulst	5	Pulse	49	852017	101845	2
hulst	5	Port Input	49	860517	110345	2
hulst	5	Pulse	49	860517	110345	2
hulst	6	Picture	13	860555	0	1	30013	3	0	next	other	0
hulst	6	Port Input	49	869016	8461	1
hulst	6	Pulse	49	869016	8461	1
hulst	6	Port Input	49	877516	16961	1
hulst	6	Pulse	49	877516	16961	1
hulst	6	Port Input	49	886016	25461	1
hulst	6	Pulse	49	886016	25461	1
hulst	6	Picture	2	890568	30013	2	80537	3	30000	next	other	0
hulst	6	Port Input	49	894515	33960	1
hulst	6	Pulse	49	894515	33960	1
hulst	6	Port Input	49	903014	42459	2
hulst	6	Pulse	49	903014	42459	2
hulst	6	Port Input	49	911514	50959	1
hulst	6	Pulse	49	911514	50959	1
hulst	6	Port Input	49	920013	59458	1
hulst	6	Pulse	49	920013	59458	1
hulst	6	Port Input	49	928513	67958	1
hulst	6	Pulse	49	928513	67958	1
hulst	6	Port Input	49	937012	76457	1
hulst	6	Pulse	49	937012	76457	1
hulst	6	Port Input	49	945512	84957	1
hulst	6	Pulse	49	945512	84957	1
hulst	6	Port Input	49	954012	93457	1
hulst	6	Pulse	49	954012	93457	1
hulst	6	Port Input	49	962511	101956	2
hulst	6	Pulse	49	962511	101956	2
hulst	6	Port Input	49	971010	110455	1
hulst	6	Pulse	49	971010	110455	1
hulst	7	Picture	14	971105	0	1	30013	3	0	next	other	0
hulst	7	Port Input	49	979510	8405	1
hulst	7	Pulse	49	979510	8405	1
hulst	7	Port Input	49	988009	16904	1
hulst	7	Pulse	49	988009	16904	1
hulst	7	Port Input	49	996509	25404	1
hulst	7	Pulse	49	996509	25404	1
hulst	7	Picture	2	1001118	30013	2	63529	3	30000	next	other	0
hulst	7	Port Input	49	1005008	33903	2
hulst	7	Pulse	49	1005008	33903	2
hulst	7	Port Input	49	1013507	42402	1
hulst	7	Pulse	49	1013507	42402	1
hulst	7	Port Input	49	1022007	50902	1
hulst	7	Pulse	49	1022007	50902	1
hulst	7	Port Input	49	1030507	59402	1
hulst	7	Pulse	49	1030507	59402	1
hulst	7	Port Input	49	1039006	67901	1
hulst	7	Pulse	49	1039006	67901	1
hulst	7	Port Input	49	1047506	76401	1
hulst	7	Pulse	49	1047506	76401	1
hulst	7	Port Input	49	1056006	84901	1
hulst	7	Pulse	49	1056006	84901	1
hulst	7	Port Input	49	1064506	93401	2
hulst	7	Pulse	49	1064506	93401	2
hulst	8	Picture	12	1064647	0	1	30014	2	0	next	other	0
hulst	8	Port Input	49	1073005	8358	1
hulst	8	Pulse	49	1073005	8358	1
hulst	8	Port Input	49	1081504	16857	1
hulst	8	Pulse	49	1081504	16857	1
hulst	8	Port Input	49	1090003	25356	1
hulst	8	Pulse	49	1090003	25356	1
hulst	8	Picture	2	1094661	30014	1	29513	2	30000	next	other	0
hulst	8	Port Input	49	1098503	33856	1
hulst	8	Pulse	49	1098503	33856	1
hulst	8	Port Input	49	1107003	42356	1
hulst	8	Pulse	49	1107003	42356	1
hulst	8	Port Input	49	1115501	50854	1
hulst	8	Pulse	49	1115501	50854	1
hulst	8	Port Input	49	1124001	59354	1
hulst	8	Pulse	49	1124001	59354	1
hulst	9	Picture	12	1124174	0	1	29827	189	0	next	other	0
hulst	9	Port Input	49	1132500	8326	1
hulst	9	Pulse	49	1132500	8326	1
hulst	9	Port Input	49	1141000	16826	1
hulst	9	Pulse	49	1141000	16826	1
hulst	9	Port Input	49	1149500	25326	1
hulst	9	Pulse	49	1149500	25326	1
hulst	9	Picture	2	1154001	29827	188	46541	189	30000	next	other	0
hulst	9	Port Input	49	1157999	33825	1
hulst	9	Pulse	49	1157999	33825	1
hulst	9	Port Input	49	1166498	42324	1
hulst	9	Pulse	49	1166498	42324	1
hulst	9	Port Input	49	1174998	50824	1
hulst	9	Pulse	49	1174998	50824	1
hulst	9	Port Input	49	1183497	59323	1
hulst	9	Pulse	49	1183497	59323	1
hulst	9	Port Input	49	1191997	67823	1
hulst	9	Pulse	49	1191997	67823	1
hulst	9	Port Input	49	1200497	76323	1
hulst	9	Pulse	49	1200497	76323	1
hulst	10	Picture	14	1200542	0	1	30013	3	0	next	other	0
hulst	10	Port Input	49	1208996	8454	1
hulst	10	Pulse	49	1208996	8454	1
hulst	10	Port Input	49	1217495	16953	2
hulst	10	Pulse	49	1217495	16953	2
hulst	10	Port Input	49	1225995	25453	2
hulst	10	Pulse	49	1225995	25453	2
hulst	10	Picture	2	1230555	30013	2	97544	4	30000	next	other	0
hulst	10	Port Input	49	1234494	33952	1
hulst	10	Pulse	49	1234494	33952	1
hulst	10	Port Input	49	1242994	42452	1
hulst	10	Pulse	49	1242994	42452	1
hulst	10	Port Input	49	1251494	50952	1
hulst	10	Pulse	49	1251494	50952	1
hulst	10	Port Input	49	1259993	59451	1
hulst	10	Pulse	49	1259993	59451	1
hulst	10	Port Input	49	1268492	67950	2
hulst	10	Pulse	49	1268492	67950	2
hulst	10	Port Input	49	1276992	76450	1
hulst	10	Pulse	49	1276992	76450	1
hulst	10	Port Input	49	1285491	84949	1
hulst	10	Pulse	49	1285491	84949	1
hulst	10	Port Input	49	1293991	93449	1
hulst	10	Pulse	49	1293991	93449	1
hulst	10	Port Input	49	1302491	101949	1
hulst	10	Pulse	49	1302491	101949	1
hulst	10	Port Input	49	1310990	110448	1
hulst	10	Pulse	49	1310990	110448	1
hulst	10	Port Input	49	1319489	118947	1
hulst	10	Pulse	49	1319489	118947	1
hulst	10	Port Input	49	1327989	127447	1
hulst	10	Pulse	49	1327989	127447	1
hulst	11	Picture	11	1328099	0	2	30014	3	0	next	other	0
hulst	11	Port Input	49	1336488	8389	1
hulst	11	Pulse	49	1336488	8389	1
hulst	11	Port Input	49	1344988	16889	1
hulst	11	Pulse	49	1344988	16889	1
hulst	11	Port Input	49	1353487	25388	1
hulst	11	Pulse	49	1353487	25388	1
hulst	11	Picture	2	1358113	30014	1	38017	2	30000	next	other	0
hulst	11	Port Input	49	1361987	33888	1
hulst	11	Pulse	49	1361987	33888	1
hulst	11	Port Input	49	1370487	42388	1
hulst	11	Pulse	49	1370487	42388	1
hulst	11	Port Input	49	1378986	50887	1
hulst	11	Pulse	49	1378986	50887	1
hulst	11	Port Input	49	1387485	59386	1
hulst	11	Pulse	49	1387485	59386	1
hulst	11	Port Input	49	1395985	67886	1
hulst	11	Pulse	49	1395985	67886	1
hulst	12	Picture	14	1396130	0	1	30014	2	0	next	other	0
hulst	12	Port Input	49	1404484	8354	1
hulst	12	Pulse	49	1404484	8354	1
hulst	12	Port Input	49	1412984	16854	1
hulst	12	Pulse	49	1412984	16854	1
hulst	12	Port Input	49	1421483	25353	2
hulst	12	Pulse	49	1421483	25353	2
hulst	12	Picture	2	1426144	30014	1	88873	2	30000	next	other	0
hulst	12	Port Input	49	1429982	33852	1
hulst	12	Pulse	49	1429982	33852	1
hulst	12	Port Input	49	1438482	42352	1
hulst	12	Pulse	49	1438482	42352	1
hulst	12	Port Input	49	1446982	50852	1
hulst	12	Pulse	49	1446982	50852	1
hulst	12	Port Input	49	1455481	59351	1
hulst	12	Pulse	49	1455481	59351	1
hulst	12	Port Input	49	1463981	67851	1
hulst	12	Pulse	49	1463981	67851	1
hulst	12	Port Input	49	1472480	76350	2
hulst	12	Pulse	49	1472480	76350	2
hulst	12	Port Input	49	1480980	84850	1
hulst	12	Pulse	49	1480980	84850	1
hulst	12	Port Input	49	1489479	93349	1
hulst	12	Pulse	49	1489479	93349	1
hulst	12	Port Input	49	1497979	101849	1
hulst	12	Pulse	49	1497979	101849	1
hulst	12	Port Input	49	1506478	110348	1
hulst	12	Pulse	49	1506478	110348	1
hulst	12	Port Input	49	1514978	118848	1
hulst	12	Pulse	49	1514978	118848	1
hulst	13	Picture	12	1515017	0	1	30014	2	0	next	other	0
hulst	13	Port Input	49	1523477	8460	2
hulst	13	Pulse	49	1523477	8460	2
hulst	13	Port Input	49	1531976	16959	1
hulst	13	Pulse	49	1531976	16959	1
hulst	13	Port Input	49	1540476	25459	1
hulst	13	Pulse	49	1540476	25459	1
hulst	13	Picture	2	1545031	30014	1	63529	2	30000	next	other	0
hulst	13	Port Input	49	1548975	33958	1
hulst	13	Pulse	49	1548975	33958	1
hulst	13	Port Input	49	1557475	42458	1
hulst	13	Pulse	49	1557475	42458	1
hulst	13	Port Input	49	1565975	50958	1
hulst	13	Pulse	49	1565975	50958	1
hulst	13	Port Input	49	1574473	59456	2
hulst	13	Pulse	49	1574473	59456	2
hulst	13	Port Input	49	1582973	67956	1
hulst	13	Pulse	49	1582973	67956	1
hulst	13	Port Input	49	1591473	76456	1
hulst	13	Pulse	49	1591473	76456	1
hulst	13	Port Input	49	1599972	84955	1
hulst	13	Pulse	49	1599972	84955	1
hulst	13	Port Input	49	1608472	93455	1
hulst	13	Pulse	49	1608472	93455	1
hulst	14	Picture	11	1608560	0	1	30013	2	0	next	other	0
hulst	14	Port Input	49	1616972	8412	1
hulst	14	Pulse	49	1616972	8412	1
hulst	14	Port Input	49	1625470	16910	2
hulst	14	Pulse	49	1625470	16910	2
hulst	14	Port Input	49	1633970	25410	1
hulst	14	Pulse	49	1633970	25410	1
hulst	14	Picture	2	1638573	30013	1	97544	2	30000	next	other	0
hulst	14	Port Input	49	1642470	33910	1
hulst	14	Pulse	49	1642470	33910	1
hulst	14	Port Input	49	1650969	42409	1
hulst	14	Pulse	49	1650969	42409	1
hulst	14	Port Input	49	1659469	50909	1
hulst	14	Pulse	49	1659469	50909	1
hulst	14	Port Input	49	1667969	59409	1
hulst	14	Pulse	49	1667969	59409	1
hulst	14	Port Input	49	1676467	67907	2
hulst	14	Pulse	49	1676467	67907	2
hulst	14	Port Input	49	1684967	76407	1
hulst	14	Pulse	49	1684967	76407	1
hulst	14	Port Input	49	1693468	84908	1
hulst	14	Pulse	49	1693468	84908	1
hulst	14	Port Input	49	1701967	93407	1
hulst	14	Pulse	49	1701967	93407	1
hulst	14	Port Input	49	1710466	101906	1
hulst	14	Pulse	49	1710466	101906	1
hulst	14	Port Input	49	1718966	110406	1
hulst	14	Pulse	49	1718966	110406	1
hulst	14	Port Input	49	1727464	118904	2
hulst	14	Pulse	49	1727464	118904	2
hulst	14	Port Input	49	1735964	127404	1
hulst	14	Pulse	49	1735964	127404	1
hulst	15	Picture	13	1736117	0	1	30014	2	0	next	other	0
hulst	15	Port Input	49	1744463	8346	1
hulst	15	Pulse	49	1744463	8346	1
hulst	15	Port Input	49	1752963	16846	1
hulst	15	Pulse	49	1752963	16846	1
hulst	15	Port Input	49	1761463	25346	1
hulst	15	Pulse	49	1761463	25346	1
hulst	15	Picture	2	1766131	30014	1	29513	2	30000	next	other	0
hulst	15	Port Input	49	1769962	33845	1
hulst	15	Pulse	49	1769962	33845	1
hulst	15	Port Input	49	1778461	42344	2
hulst	15	Pulse	49	1778461	42344	2
hulst	15	Port Input	49	1786961	50844	1
hulst	15	Pulse	49	1786961	50844	1
hulst	15	Port Input	49	1795461	59344	1
hulst	15	Pulse	49	1795461	59344	1
hulst	16	Picture	12	1795644	0	1	29847	2	0	next	other	0
hulst	16	Port Input	49	1803960	8316	1
hulst	16	Pulse	49	1803960	8316	1
hulst	16	Port Input	49	1812460	16816	1
hulst	16	Pulse	49	1812460	16816	1
hulst	16	Port Input	49	1820959	25315	1
hulst	16	Pulse	49	1820959	25315	1
hulst	16	Picture	2	1825491	29847	1	55025	2	30000	next	other	0
hulst	16	Port Input	49	1829458	33814	2
hulst	16	Pulse	49	1829458	33814	2
hulst	16	Port Input	49	1837958	42314	1
hulst	16	Pulse	49	1837958	42314	1
hulst	16	Port Input	49	1846457	50813	1
hulst	16	Pulse	49	1846457	50813	1
hulst	16	Port Input	49	1854957	59313	1
hulst	16	Pulse	49	1854957	59313	1
hulst	16	Port Input	49	1863457	67813	1
hulst	16	Pulse	49	1863457	67813	1
hulst	16	Port Input	49	1871956	76312	1
hulst	16	Pulse	49	1871956	76312	1
hulst	16	Port Input	49	1880455	84811	2
hulst	16	Pulse	49	1880455	84811	2
hulst	17	Picture	14	1880516	0	1	30013	2	0	next	other	0
hulst	17	Port Input	49	1888955	8439	1
hulst	17	Pulse	49	1888955	8439	1
hulst	17	Port Input	49	1897455	16939	1
hulst	17	Pulse	49	1897455	16939	1
hulst	17	Port Input	49	1905954	25438	1
hulst	17	Pulse	49	1905954	25438	1
hulst	17	Picture	2	1910529	30013	1	29514	2	30000	next	other	0
hulst	17	Port Input	49	1914454	33938	1
hulst	17	Pulse	49	1914454	33938	1
hulst	17	Port Input	49	1922953	42437	1
hulst	17	Pulse	49	1922953	42437	1
hulst	17	Port Input	49	1931452	50936	2
hulst	17	Pulse	49	1931452	50936	2
hulst	17	Port Input	49	1939952	59436	1
hulst	17	Pulse	49	1939952	59436	1
hulst	18	Picture	13	1940043	0	1	30013	2	0	next	other	0
hulst	18	Port Input	49	1948451	8408	1
hulst	18	Pulse	49	1948451	8408	1
hulst	18	Port Input	49	1956951	16908	1
hulst	18	Pulse	49	1956951	16908	1
hulst	18	Port Input	49	1965450	25407	1
hulst	18	Pulse	49	1965450	25407	1
hulst	18	Picture	2	1970056	30013	1	97544	3	30000	next	other	0
hulst	18	Port Input	49	1973950	33907	1
hulst	18	Pulse	49	1973950	33907	1
hulst	18	Port Input	49	1982449	42406	2
hulst	18	Pulse	49	1982449	42406	2
hulst	18	Port Input	49	1990948	50905	1
hulst	18	Pulse	49	1990948	50905	1
hulst	18	Port Input	49	1999448	59405	1
hulst	18	Pulse	49	1999448	59405	1
hulst	18	Port Input	49	2007948	67905	1
hulst	18	Pulse	49	2007948	67905	1
hulst	18	Port Input	49	2016447	76404	1
hulst	18	Pulse	49	2016447	76404	1
hulst	18	Port Input	49	2024947	84904	1
hulst	18	Pulse	49	2024947	84904	1
hulst	18	Port Input	49	2033447	93404	1
hulst	18	Pulse	49	2033447	93404	1
hulst	18	Port Input	49	2041945	101902	1
hulst	18	Pulse	49	2041945	101902	1
hulst	18	Port Input	49	2050445	110402	1
hulst	18	Pulse	49	2050445	110402	1
hulst	18	Port Input	49	2058945	118902	1
hulst	18	Pulse	49	2058945	118902	1
hulst	18	Port Input	49	2067444	127401	1
hulst	18	Pulse	49	2067444	127401	1
hulst	19	Picture	13	2067600	0	2	30014	3	0	next	other	0
hulst	19	Port Input	49	2075944	8344	1
hulst	19	Pulse	49	2075944	8344	1
hulst	19	Port Input	49	2084443	16843	2
hulst	19	Pulse	49	2084443	16843	2
hulst	19	Port Input	49	2092942	25342	1
hulst	19	Pulse	49	2092942	25342	1
hulst	19	Picture	2	2097614	30014	1	29513	2	30000	next	other	0
hulst	19	Port Input	49	2101442	33842	1
hulst	19	Pulse	49	2101442	33842	1
hulst	19	Port Input	49	2109942	42342	1
hulst	19	Pulse	49	2109942	42342	1
hulst	19	Port Input	49	2118441	50841	1
hulst	19	Pulse	49	2118441	50841	1
hulst	19	Port Input	49	2126941	59341	1
hulst	19	Pulse	49	2126941	59341	1
hulst	20	Picture	14	2127127	0	1	29847	2	0	next	other	0
hulst	20	Port Input	49	2135441	8314	1
hulst	20	Pulse	49	2135441	8314	1
hulst	20	Port Input	49	2143939	16812	2
hulst	20	Pulse	49	2143939	16812	2
hulst	20	Port Input	49	2152439	25312	1
hulst	20	Pulse	49	2152439	25312	1
hulst	20	Picture	2	2156974	29847	1	80536	3	30000	next	other	0
hulst	20	Port Input	49	2160938	33811	1
hulst	20	Pulse	49	2160938	33811	1
hulst	20	Port Input	49	2169438	42311	1
hulst	20	Pulse	49	2169438	42311	1
hulst	20	Port Input	49	2177938	50811	1
hulst	20	Pulse	49	2177938	50811	1
hulst	20	Port Input	49	2186436	59309	2
hulst	20	Pulse	49	2186436	59309	2
hulst	20	Port Input	49	2194936	67809	1
hulst	20	Pulse	49	2194936	67809	1
hulst	20	Port Input	49	2203436	76309	1
hulst	20	Pulse	49	2203436	76309	1
hulst	20	Port Input	49	2211936	84809	1
hulst	20	Pulse	49	2211936	84809	1
hulst	20	Port Input	49	2220435	93308	1
hulst	20	Pulse	49	2220435	93308	1
hulst	20	Port Input	49	2228935	101808	1
hulst	20	Pulse	49	2228935	101808	1
hulst	20	Port Input	49	2237433	110306	2
hulst	20	Pulse	49	2237433	110306	2
hulst	21	Picture	11	2237510	0	2	30014	3	0	next	other	0
hulst	21	Port Input	49	2245933	8423	1
hulst	21	Pulse	49	2245933	8423	1
hulst	21	Port Input	49	2254433	16923	1
hulst	21	Pulse	49	2254433	16923	1
hulst	21	Port Input	49	2262932	25422	1
hulst	21	Pulse	49	2262932	25422	1
hulst	21	Picture	2	2267524	30014	1	89040	2	30000	next	other	0
hulst	21	Port Input	49	2271432	33922	1
hulst	21	Pulse	49	2271432	33922	1
hulst	21	Port Input	49	2279932	42422	1
hulst	21	Pulse	49	2279932	42422	1
hulst	21	Port Input	49	2288430	50920	2
hulst	21	Pulse	49	2288430	50920	2
hulst	21	Port Input	49	2296930	59420	1
hulst	21	Pulse	49	2296930	59420	1
hulst	21	Port Input	49	2305430	67920	1
hulst	21	Pulse	49	2305430	67920	1
hulst	21	Port Input	49	2313931	76421	1
hulst	21	Pulse	49	2313931	76421	1
hulst	21	Port Input	49	2322430	84920	1
hulst	21	Pulse	49	2322430	84920	1
hulst	21	Port Input	49	2330929	93419	1
hulst	21	Pulse	49	2330929	93419	1
hulst	21	Port Input	49	2339427	101917	2
hulst	21	Pulse	49	2339427	101917	2
hulst	21	Port Input	49	2347927	110417	1
hulst	21	Pulse	49	2347927	110417	1
hulst	21	Port Input	49	2356426	118916	1
hulst	21	Pulse	49	2356426	118916	1
hulst	22	Picture	14	2356564	0	1	30014	2	0	next	other	0
hulst	22	Port Input	49	2364926	8362	1
hulst	22	Pulse	49	2364926	8362	1
hulst	22	Port Input	49	2373426	16862	1
hulst	22	Pulse	49	2373426	16862	1
hulst	22	Port Input	49	2381925	25361	1
hulst	22	Pulse	49	2381925	25361	1
hulst	22	Picture	2	2386578	30014	1	89040	2	30000	next	other	0
hulst	22	Port Input	49	2390424	33860	2
hulst	22	Pulse	49	2390424	33860	2
hulst	22	Port Input	49	2398924	42360	1
hulst	22	Pulse	49	2398924	42360	1
hulst	22	Port Input	49	2407423	50859	1
hulst	22	Pulse	49	2407423	50859	1
hulst	22	Port Input	49	2415923	59359	1
hulst	22	Pulse	49	2415923	59359	1
hulst	22	Port Input	49	2424423	67859	1
hulst	22	Pulse	49	2424423	67859	1
hulst	22	Port Input	49	2432922	76358	1
hulst	22	Pulse	49	2432922	76358	1
hulst	22	Port Input	49	2441421	84857	2
hulst	22	Pulse	49	2441421	84857	2
hulst	22	Port Input	49	2449921	93357	1
hulst	22	Pulse	49	2449921	93357	1
hulst	22	Port Input	49	2458420	101856	1
hulst	22	Pulse	49	2458420	101856	1
hulst	22	Port Input	49	2466920	110356	1
hulst	22	Pulse	49	2466920	110356	1
hulst	22	Port Input	49	2475420	118856	1
hulst	22	Pulse	49	2475420	118856	1
hulst	23	Picture	11	2475618	0	1	29847	2	0	next	other	0
hulst	23	Port Input	49	2483919	8301	1
hulst	23	Pulse	49	2483919	8301	1
hulst	23	Port Input	49	2492418	16800	2
hulst	23	Pulse	49	2492418	16800	2
hulst	23	Port Input	49	2500918	25300	1
hulst	23	Pulse	49	2500918	25300	1
hulst	23	Picture	2	2505465	29847	1	29513	2	30000	next	other	0
hulst	23	Port Input	49	2509417	33799	1
hulst	23	Pulse	49	2509417	33799	1
hulst	23	Port Input	49	2517917	42299	1
hulst	23	Pulse	49	2517917	42299	1
hulst	23	Port Input	49	2526417	50799	1
hulst	23	Pulse	49	2526417	50799	1
hulst	23	Port Input	49	2534916	59298	1
hulst	23	Pulse	49	2534916	59298	1
hulst	24	Picture	12	2534978	0	1	30014	2	0	next	other	0
hulst	24	Port Input	49	2543415	8437	2
hulst	24	Pulse	49	2543415	8437	2
hulst	24	Port Input	49	2551915	16937	1
hulst	24	Pulse	49	2551915	16937	1
hulst	24	Port Input	49	2560414	25436	1
hulst	24	Pulse	49	2560414	25436	1
hulst	24	Picture	2	2564992	30014	1	55024	3	30000	next	other	0
hulst	24	Port Input	49	2568914	33936	1
hulst	24	Pulse	49	2568914	33936	1
hulst	24	Port Input	49	2577413	42435	1
hulst	24	Pulse	49	2577413	42435	1
hulst	24	Port Input	49	2585913	50935	1
hulst	24	Pulse	49	2585913	50935	1
hulst	24	Port Input	49	2594413	59435	1
hulst	24	Pulse	49	2594413	59435	1
hulst	24	Port Input	49	2602911	67933	1
hulst	24	Pulse	49	2602911	67933	1
hulst	24	Port Input	49	2611411	76433	1
hulst	24	Pulse	49	2611411	76433	1
hulst	24	Port Input	49	2619911	84933	1
hulst	24	Pulse	49	2619911	84933	1
hulst	25	Picture	14	2620016	0	2	30014	3	0	next	other	0
hulst	25	Port Input	49	2628411	8395	1
hulst	25	Pulse	49	2628411	8395	1
hulst	25	Port Input	49	2636910	16894	1
hulst	25	Pulse	49	2636910	16894	1
hulst	25	Port Input	49	2645410	25394	1
hulst	25	Pulse	49	2645410	25394	1
hulst	25	Picture	2	2650030	30014	1	46521	2	30000	next	other	0
hulst	25	Port Input	49	2653908	33892	1
hulst	25	Pulse	49	2653908	33892	1
hulst	25	Port Input	49	2662408	42392	1
hulst	25	Pulse	49	2662408	42392	1
hulst	25	Port Input	49	2670908	50892	1
hulst	25	Pulse	49	2670908	50892	1
hulst	25	Port Input	49	2679407	59391	1
hulst	25	Pulse	49	2679407	59391	1
hulst	25	Port Input	49	2687907	67891	1
hulst	25	Pulse	49	2687907	67891	1
hulst	25	Port Input	49	2696407	76391	1
hulst	25	Pulse	49	2696407	76391	1
hulst	26	Picture	11	2696551	0	1	30014	2	0	next	other	0
hulst	26	Port Input	49	2704905	8354	1
hulst	26	Pulse	49	2704905	8354	1
hulst	26	Port Input	49	2713405	16854	1
hulst	26	Pulse	49	2713405	16854	1
hulst	26	Port Input	49	2721905	25354	1
hulst	26	Pulse	49	2721905	25354	1
hulst	26	Picture	2	2726565	30014	1	88873	2	30000	next	other	0
hulst	26	Port Input	49	2730405	33854	1
hulst	26	Pulse	49	2730405	33854	1
hulst	26	Port Input	49	2738904	42353	1
hulst	26	Pulse	49	2738904	42353	1
hulst	26	Port Input	49	2747404	50853	1
hulst	26	Pulse	49	2747404	50853	1
hulst	26	Port Input	49	2755902	59351	1
hulst	26	Pulse	49	2755902	59351	1
hulst	26	Port Input	49	2764402	67851	1
hulst	26	Pulse	49	2764402	67851	1
hulst	26	Port Input	49	2772901	76350	1
hulst	26	Pulse	49	2772901	76350	1
hulst	26	Port Input	49	2781401	84850	1
hulst	26	Pulse	49	2781401	84850	1
hulst	26	Port Input	49	2789901	93350	1
hulst	26	Pulse	49	2789901	93350	1
hulst	26	Port Input	49	2798400	101849	1
hulst	26	Pulse	49	2798400	101849	1
hulst	26	Port Input	49	2806899	110348	1
hulst	26	Pulse	49	2806899	110348	1
hulst	26	Port Input	49	2815399	118848	1
hulst	26	Pulse	49	2815399	118848	1
hulst	27	Picture	11	2815438	0	1	30014	2	0	next	other	0
hulst	27	Port Input	49	2823898	8460	1
hulst	27	Pulse	49	2823898	8460	1
hulst	27	Port Input	49	2832398	16960	1
hulst	27	Pulse	49	2832398	16960	1
hulst	27	Port Input	49	2840898	25460	1
hulst	27	Pulse	49	2840898	25460	1
hulst	27	Picture	2	2845452	30014	1	55025	2	30000	next	other	0
hulst	27	Port Input	49	2849396	33958	2
hulst	27	Pulse	49	2849396	33958	2
hulst	27	Port Input	49	2857896	42458	1
hulst	27	Pulse	49	2857896	42458	1
hulst	27	Port Input	49	2866396	50958	1
hulst	27	Pulse	49	2866396	50958	1
hulst	27	Port Input	49	2874895	59457	1
hulst	27	Pulse	49	2874895	59457	1
hulst	27	Port Input	49	2883395	67957	1
hulst	27	Pulse	49	2883395	67957	1
hulst	27	Port Input	49	2891895	76457	1
hulst	27	Pulse	49	2891895	76457	1
hulst	27	Port Input	49	2900394	84956	1
hulst	27	Pulse	49	2900394	84956	1
hulst	28	Picture	11	2900477	0	1	30013	2	0	next	other	0
hulst	28	Port Input	49	2908893	8416	1
hulst	28	Pulse	49	2908893	8416	1
hulst	28	Port Input	49	2917393	16916	1
hulst	28	Pulse	49	2917393	16916	1
hulst	28	Port Input	49	2925892	25415	1
hulst	28	Pulse	49	2925892	25415	1
hulst	28	Picture	2	2930490	30013	1	97544	2	30000	next	other	0
hulst	28	Port Input	49	2934392	33915	1
hulst	28	Pulse	49	2934392	33915	1
hulst	28	Port Input	49	2942893	42416	1
hulst	28	Pulse	49	2942893	42416	1
hulst	28	Port Input	49	2951392	50915	1
hulst	28	Pulse	49	2951392	50915	1
hulst	28	Port Input	49	2959890	59413	1
hulst	28	Pulse	49	2959890	59413	1
hulst	28	Port Input	49	2968389	67912	1
hulst	28	Pulse	49	2968389	67912	1
hulst	28	Port Input	49	2976889	76412	1
hulst	28	Pulse	49	2976889	76412	1
hulst	28	Port Input	49	2985389	84912	1
hulst	28	Pulse	49	2985389	84912	1
hulst	28	Port Input	49	2993888	93411	1
hulst	28	Pulse	49	2993888	93411	1
hulst	28	Port Input	49	3002388	101911	1
hulst	28	Pulse	49	3002388	101911	1
hulst	28	Port Input	49	3010887	110410	1
hulst	28	Pulse	49	3010887	110410	1
hulst	28	Port Input	49	3019386	118909	1
hulst	28	Pulse	49	3019386	118909	1
hulst	28	Port Input	49	3027886	127409	1
hulst	28	Pulse	49	3027886	127409	1
hulst	29	Picture	12	3028034	0	1	30014	2	0	next	other	0
hulst	29	Port Input	49	3036386	8352	1
hulst	29	Pulse	49	3036386	8352	1
hulst	29	Port Input	49	3044886	16852	1
hulst	29	Pulse	49	3044886	16852	1
hulst	29	Port Input	49	3053385	25351	1
hulst	29	Pulse	49	3053385	25351	1
hulst	29	Picture	2	3058048	30014	1	38017	2	30000	next	other	0
hulst	29	Port Input	49	3061884	33850	1
hulst	29	Pulse	49	3061884	33850	1
hulst	29	Port Input	49	3070383	42349	1
hulst	29	Pulse	49	3070383	42349	1
hulst	29	Port Input	49	3078883	50849	1
hulst	29	Pulse	49	3078883	50849	1
hulst	29	Port Input	49	3087383	59349	1
hulst	29	Pulse	49	3087383	59349	1
hulst	29	Port Input	49	3095882	67848	1
hulst	29	Pulse	49	3095882	67848	1
hulst	30	Picture	13	3096065	0	1	29847	2	0	next	other	0
hulst	30	Port Input	49	3104382	8317	1
hulst	30	Pulse	49	3104382	8317	1
hulst	30	Port Input	49	3112881	16816	1
hulst	30	Pulse	49	3112881	16816	1
hulst	30	Port Input	49	3121380	25315	1
hulst	30	Pulse	49	3121380	25315	1
hulst	30	Picture	2	3125912	29847	1	46521	2	30000	next	other	0
hulst	30	Port Input	49	3129880	33815	1
hulst	30	Pulse	49	3129880	33815	1
hulst	30	Port Input	49	3138380	42315	1
hulst	30	Pulse	49	3138380	42315	1
hulst	30	Port Input	49	3146880	50815	1
hulst	30	Pulse	49	3146880	50815	1
hulst	30	Port Input	49	3155379	59314	1
hulst	30	Pulse	49	3155379	59314	1
hulst	30	Port Input	49	3163878	67813	1
hulst	30	Pulse	49	3163878	67813	1
hulst	30	Port Input	49	3172377	76312	1
hulst	30	Pulse	49	3172377	76312	1
hulst	31	Picture	13	3172433	0	1	30013	3	0	next	other	0
hulst	31	Port Input	49	3180877	8444	1
hulst	31	Pulse	49	3180877	8444	1
hulst	31	Port Input	49	3189376	16943	1
hulst	31	Pulse	49	3189376	16943	1
hulst	31	Port Input	49	3197876	25443	1
hulst	31	Pulse	49	3197876	25443	1
hulst	31	Picture	2	3202446	30013	2	38018	4	30000	next	other	0
hulst	31	Port Input	49	3206376	33943	1
hulst	31	Pulse	49	3206376	33943	1
hulst	31	Port Input	49	3214874	42441	1
hulst	31	Pulse	49	3214874	42441	1
hulst	31	Port Input	49	3223374	50941	1
hulst	31	Pulse	49	3223374	50941	1
hulst	31	Port Input	49	3231874	59441	1
hulst	31	Pulse	49	3231874	59441	1
hulst	31	Port Input	49	3240373	67940	1
hulst	31	Pulse	49	3240373	67940	1
hulst	32	Picture	12	3240464	0	2	30013	3	0	next	other	0
hulst	32	Port Input	49	3248873	8409	1
hulst	32	Pulse	49	3248873	8409	1
hulst	32	Port Input	49	3257373	16909	1
hulst	32	Pulse	49	3257373	16909	1
hulst	32	Port Input	49	3265871	25407	1
hulst	32	Pulse	49	3265871	25407	1
hulst	32	Picture	2	3270477	30013	1	38017	2	30000	next	other	0
hulst	32	Port Input	49	3274371	33907	1
hulst	32	Pulse	49	3274371	33907	1
hulst	32	Port Input	49	3282871	42407	1
hulst	32	Pulse	49	3282871	42407	1
hulst	32	Port Input	49	3291370	50906	1
hulst	32	Pulse	49	3291370	50906	1
hulst	32	Port Input	49	3299870	59406	1
hulst	32	Pulse	49	3299870	59406	1
hulst	32	Port Input	49	3308369	67905	2
hulst	32	Pulse	49	3308369	67905	2
hulst	33	Picture	11	3308494	0	1	30014	2	0	next	other	0
hulst	33	Port Input	49	3316868	8374	2
hulst	33	Pulse	49	3316868	8374	2
hulst	33	Port Input	49	3325368	16874	1
hulst	33	Pulse	49	3325368	16874	1
hulst	33	Port Input	49	3333868	25374	1
hulst	33	Pulse	49	3333868	25374	1
hulst	33	Picture	2	3338508	30014	1	89040	2	30000	next	other	0
hulst	33	Port Input	49	3342367	33873	1
hulst	33	Pulse	49	3342367	33873	1
hulst	33	Port Input	49	3350867	42373	1
hulst	33	Pulse	49	3350867	42373	1
hulst	33	Port Input	49	3359367	50873	1
hulst	33	Pulse	49	3359367	50873	1
hulst	33	Port Input	49	3367865	59371	1
hulst	33	Pulse	49	3367865	59371	1
hulst	33	Port Input	49	3376365	67871	1
hulst	33	Pulse	49	3376365	67871	1
hulst	33	Port Input	49	3384864	76370	1
hulst	33	Pulse	49	3384864	76370	1
hulst	33	Port Input	49	3393364	84870	1
hulst	33	Pulse	49	3393364	84870	1
hulst	33	Port Input	49	3401864	93370	1
hulst	33	Pulse	49	3401864	93370	1
hulst	33	Port Input	49	3410362	101868	2
hulst	33	Pulse	49	3410362	101868	2
hulst	33	Port Input	49	3418862	110368	1
hulst	33	Pulse	49	3418862	110368	1
hulst	33	Port Input	49	3427362	118868	1
hulst	33	Pulse	49	3427362	118868	1
hulst	34	Picture	13	3427548	0	1	29847	2	0	next	other	0
hulst	34	Port Input	49	3435861	8313	1
hulst	34	Pulse	49	3435861	8313	1
hulst	34	Port Input	49	3444361	16813	1
hulst	34	Pulse	49	3444361	16813	1
hulst	34	Port Input	49	3452861	25313	1
hulst	34	Pulse	49	3452861	25313	1
hulst	34	Picture	2	3457395	29847	1	72033	2	30000	next	other	0
hulst	34	Port Input	49	3461361	33813	1
hulst	34	Pulse	49	3461361	33813	1
hulst	34	Port Input	49	3469859	42311	1
hulst	34	Pulse	49	3469859	42311	1
hulst	34	Port Input	49	3478359	50811	1
hulst	34	Pulse	49	3478359	50811	1
hulst	34	Port Input	49	3486858	59310	1
hulst	34	Pulse	49	3486858	59310	1
hulst	34	Port Input	49	3495358	67810	1
hulst	34	Pulse	49	3495358	67810	1
hulst	34	Port Input	49	3503858	76310	1
hulst	34	Pulse	49	3503858	76310	1
hulst	34	Port Input	49	3512356	84808	2
hulst	34	Pulse	49	3512356	84808	2
hulst	34	Port Input	49	3520856	93308	1
hulst	34	Pulse	49	3520856	93308	1
hulst	34	Port Input	49	3529356	101808	1
hulst	34	Pulse	49	3529356	101808	1
hulst	35	Picture	12	3529428	0	1	30013	2	0	next	other	0
hulst	35	Port Input	49	3537855	8427	1
hulst	35	Pulse	49	3537855	8427	1
hulst	35	Port Input	49	3546355	16927	1
hulst	35	Pulse	49	3546355	16927	1
hulst	35	Port Input	49	3554855	25427	1
hulst	35	Pulse	49	3554855	25427	1
hulst	35	Picture	2	3559441	30013	1	63529	2	30000	next	other	0
hulst	35	Port Input	49	3563356	33928	1
hulst	35	Pulse	49	3563356	33928	1
hulst	35	Port Input	49	3571854	42426	1
hulst	35	Pulse	49	3571854	42426	1
hulst	35	Port Input	49	3580353	50925	1
hulst	35	Pulse	49	3580353	50925	1
hulst	35	Port Input	49	3588852	59424	1
hulst	35	Pulse	49	3588852	59424	1
hulst	35	Port Input	49	3597352	67924	1
hulst	35	Pulse	49	3597352	67924	1
hulst	35	Port Input	49	3605851	76423	1
hulst	35	Pulse	49	3605851	76423	1
hulst	35	Port Input	49	3614351	84923	1
hulst	35	Pulse	49	3614351	84923	1
hulst	35	Port Input	49	3622850	93422	1
hulst	35	Pulse	49	3622850	93422	1
hulst	36	Picture	14	3622970	0	1	30013	2	0	next	other	0
hulst	36	Port Input	49	3631349	8379	1
hulst	36	Pulse	49	3631349	8379	1
hulst	36	Port Input	49	3639849	16879	1
hulst	36	Pulse	49	3639849	16879	1
hulst	36	Port Input	49	3648349	25379	1
hulst	36	Pulse	49	3648349	25379	1
hulst	36	Picture	2	3652983	30013	1	38018	2	30000	next	other	0
hulst	36	Port Input	49	3656848	33878	1
hulst	36	Pulse	49	3656848	33878	1
hulst	36	Port Input	49	3665348	42378	1
hulst	36	Pulse	49	3665348	42378	1
hulst	36	Port Input	49	3673847	50877	2
hulst	36	Pulse	49	3673847	50877	2
hulst	36	Port Input	49	3682346	59376	1
hulst	36	Pulse	49	3682346	59376	1
hulst	36	Port Input	49	3690846	67876	1
hulst	36	Pulse	49	3690846	67876	1
hulst	37	Picture	13	3691001	0	1	30013	2	0	next	other	0
hulst	37	Port Input	49	3699346	8345	1
hulst	37	Pulse	49	3699346	8345	1
hulst	37	Port Input	49	3707845	16844	1
hulst	37	Pulse	49	3707845	16844	1
hulst	37	Port Input	49	3716345	25344	1
hulst	37	Pulse	49	3716345	25344	1
hulst	37	Picture	2	3721014	30013	1	88874	2	30000	next	other	0
hulst	37	Port Input	49	3724844	33843	1
hulst	37	Pulse	49	3724844	33843	1
hulst	37	Port Input	49	3733343	42342	1
hulst	37	Pulse	49	3733343	42342	1
hulst	37	Port Input	49	3741843	50842	1
hulst	37	Pulse	49	3741843	50842	1
hulst	37	Port Input	49	3750343	59342	1
hulst	37	Pulse	49	3750343	59342	1
hulst	37	Port Input	49	3758842	67841	1
hulst	37	Pulse	49	3758842	67841	1
hulst	37	Port Input	49	3767342	76341	1
hulst	37	Pulse	49	3767342	76341	1
hulst	37	Port Input	49	3775841	84840	2
hulst	37	Pulse	49	3775841	84840	2
hulst	37	Port Input	49	3784340	93339	1
hulst	37	Pulse	49	3784340	93339	1
hulst	37	Port Input	49	3792840	101839	1
hulst	37	Pulse	49	3792840	101839	1
hulst	37	Port Input	49	3801339	110338	1
hulst	37	Pulse	49	3801339	110338	1
hulst	37	Port Input	49	3809839	118838	1
hulst	37	Pulse	49	3809839	118838	1
hulst	38	Picture	13	3809888	0	1	30013	2	0	next	other	0
hulst	38	Port Input	49	3818339	8451	1
hulst	38	Pulse	49	3818339	8451	1
hulst	38	Port Input	49	3826837	16949	1
hulst	38	Pulse	49	3826837	16949	1
hulst	38	Port Input	49	3835337	25449	1
hulst	38	Pulse	49	3835337	25449	1
hulst	38	Picture	2	3839901	30013	1	72033	2	30000	next	other	0
hulst	38	Port Input	49	3843837	33949	1
hulst	38	Pulse	49	3843837	33949	1
hulst	38	Port Input	49	3852336	42448	1
hulst	38	Pulse	49	3852336	42448	1
hulst	38	Port Input	49	3860836	50948	1
hulst	38	Pulse	49	3860836	50948	1
hulst	38	Port Input	49	3869336	59448	1
hulst	38	Pulse	49	3869336	59448	1
hulst	38	Port Input	49	3877835	67947	1
hulst	38	Pulse	49	3877835	67947	1
hulst	38	Port Input	49	3886334	76446	1
hulst	38	Pulse	49	3886334	76446	1
hulst	38	Port Input	49	3894834	84946	1
hulst	38	Pulse	49	3894834	84946	1
hulst	38	Port Input	49	3903333	93445	1
hulst	38	Pulse	49	3903333	93445	1
hulst	38	Port Input	49	3911833	101945	1
hulst	38	Pulse	49	3911833	101945	1
hulst	39	Picture	14	3911934	0	1	30013	2	0	next	other	0
hulst	39	Port Input	49	3920332	8398	2
hulst	39	Pulse	49	3920332	8398	2
hulst	39	Port Input	49	3928831	16897	1
hulst	39	Pulse	49	3928831	16897	1
hulst	39	Port Input	49	3937331	25397	1
hulst	39	Pulse	49	3937331	25397	1
hulst	39	Picture	2	3941947	30013	1	55025	2	30000	next	other	0
hulst	39	Port Input	49	3945831	33897	1
hulst	39	Pulse	49	3945831	33897	1
hulst	39	Port Input	49	3954330	42396	1
hulst	39	Pulse	49	3954330	42396	1
hulst	39	Port Input	49	3962830	50896	1
hulst	39	Pulse	49	3962830	50896	1
hulst	39	Port Input	49	3971328	59394	2
hulst	39	Pulse	49	3971328	59394	2
hulst	39	Port Input	49	3979829	67895	2
hulst	39	Pulse	49	3979829	67895	2
hulst	39	Port Input	49	3988328	76394	1
hulst	39	Pulse	49	3988328	76394	1
hulst	39	Port Input	49	3996827	84893	1
hulst	39	Pulse	49	3996827	84893	1
hulst	40	Picture	11	3996972	0	1	30014	2	0	next	other	0
hulst	40	Port Input	49	4005327	8355	1
hulst	40	Pulse	49	4005327	8355	1
hulst	40	Port Input	49	4013827	16855	1
hulst	40	Pulse	49	4013827	16855	1
hulst	40	Port Input	49	4022325	25353	2
hulst	40	Pulse	49	4022325	25353	2
hulst	40	Picture	2	4026986	30014	1	63528	2	30000	next	other	0
hulst	40	Port Input	49	4030825	33853	1
hulst	40	Pulse	49	4030825	33853	1
hulst	40	Port Input	49	4039325	42353	1
hulst	40	Pulse	49	4039325	42353	1
hulst	40	Port Input	49	4047824	50852	1
hulst	40	Pulse	49	4047824	50852	1
hulst	40	Port Input	49	4056324	59352	1
hulst	40	Pulse	49	4056324	59352	1
hulst	40	Port Input	49	4064824	67852	1
hulst	40	Pulse	49	4064824	67852	1
hulst	40	Port Input	49	4073322	76350	2
hulst	40	Pulse	49	4073322	76350	2
hulst	40	Port Input	49	4081822	84850	1
hulst	40	Pulse	49	4081822	84850	1
hulst	40	Port Input	49	4090322	93350	1
hulst	40	Pulse	49	4090322	93350	1
hulst	41	Picture	14	4090514	0	1	29847	2	0	next	other	0
hulst	41	Port Input	49	4098821	8307	1
hulst	41	Pulse	49	4098821	8307	1
hulst	41	Port Input	49	4107321	16807	1
hulst	41	Pulse	49	4107321	16807	1
hulst	41	Port Input	49	4115819	25305	4
hulst	41	Pulse	49	4115819	25305	4
hulst	41	Picture	2	4120361	29847	1	55025	2	30000	next	other	0
hulst	41	Port Input	49	4124319	33805	2
hulst	41	Pulse	49	4124319	33805	2
hulst	41	Port Input	49	4132819	42305	1
hulst	41	Pulse	49	4132819	42305	1
hulst	41	Port Input	49	4141319	50805	1
hulst	41	Pulse	49	4141319	50805	1
hulst	41	Port Input	49	4149818	59304	1
hulst	41	Pulse	49	4149818	59304	1
hulst	41	Port Input	49	4158318	67804	1
hulst	41	Pulse	49	4158318	67804	1
hulst	41	Port Input	49	4166818	76304	1
hulst	41	Pulse	49	4166818	76304	1
hulst	41	Port Input	49	4175316	84802	2
hulst	41	Pulse	49	4175316	84802	2
hulst	42	Picture	11	4175386	0	1	30014	2	0	next	other	0
hulst	42	Port Input	49	4183816	8430	2
hulst	42	Pulse	49	4183816	8430	2
hulst	42	Port Input	49	4192317	16931	1
hulst	42	Pulse	49	4192317	16931	1
hulst	42	Port Input	49	4200816	25430	1
hulst	42	Pulse	49	4200816	25430	1
hulst	42	Picture	2	4205400	30014	1	29513	2	30000	next	other	0
hulst	42	Port Input	49	4209315	33929	1
hulst	42	Pulse	49	4209315	33929	1
hulst	42	Port Input	49	4217814	42428	1
hulst	42	Pulse	49	4217814	42428	1
hulst	42	Port Input	49	4226313	50927	2
hulst	42	Pulse	49	4226313	50927	2
hulst	42	Port Input	49	4234813	59427	1
hulst	42	Pulse	49	4234813	59427	1
hulst	43	Picture	12	4234913	0	1	30014	2	0	next	other	0
hulst	43	Port Input	49	4243312	8399	1
hulst	43	Pulse	49	4243312	8399	1
hulst	43	Port Input	49	4251812	16899	1
hulst	43	Pulse	49	4251812	16899	1
hulst	43	Port Input	49	4260312	25399	1
hulst	43	Pulse	49	4260312	25399	1
hulst	43	Picture	2	4264927	30014	1	46521	2	30000	next	other	0
hulst	43	Port Input	49	4268811	33898	1
hulst	43	Pulse	49	4268811	33898	1
hulst	43	Port Input	49	4277311	42398	1
hulst	43	Pulse	49	4277311	42398	1
hulst	43	Port Input	49	4285810	50897	1
hulst	43	Pulse	49	4285810	50897	1
hulst	43	Port Input	49	4294310	59397	1
hulst	43	Pulse	49	4294310	59397	1
hulst	43	Port Input	49	4302809	67896	1
hulst	43	Pulse	49	4302809	67896	1
hulst	43	Port Input	49	4311309	76396	1
hulst	43	Pulse	49	4311309	76396	1
hulst	44	Picture	14	4311448	0	1	30013	2	0	next	other	0
hulst	44	Port Input	49	4319808	8360	1
hulst	44	Pulse	49	4319808	8360	1
hulst	44	Port Input	49	4328307	16859	2
hulst	44	Pulse	49	4328307	16859	2
hulst	44	Port Input	49	4336807	25359	1
hulst	44	Pulse	49	4336807	25359	1
hulst	44	Picture	2	4341461	30013	1	38017	2	30000	next	other	0
hulst	44	Port Input	49	4345306	33858	2
hulst	44	Pulse	49	4345306	33858	2
hulst	44	Port Input	49	4353806	42358	1
hulst	44	Pulse	49	4353806	42358	1
hulst	44	Port Input	49	4362306	50858	1
hulst	44	Pulse	49	4362306	50858	1
hulst	44	Port Input	49	4370805	59357	1
hulst	44	Pulse	49	4370805	59357	1
hulst	44	Port Input	49	4379304	67856	2
hulst	44	Pulse	49	4379304	67856	2
hulst	45	Picture	11	4379478	0	1	29847	2	0	next	other	0
hulst	45	Port Input	49	4387803	8325	1
hulst	45	Pulse	49	4387803	8325	1
hulst	45	Port Input	49	4396304	16826	1
hulst	45	Pulse	49	4396304	16826	1
hulst	45	Port Input	49	4404803	25325	1
hulst	45	Pulse	49	4404803	25325	1
hulst	45	Picture	2	4409325	29847	1	38017	2	30000	next	other	0
hulst	45	Port Input	49	4413302	33824	1
hulst	45	Pulse	49	4413302	33824	1
hulst	45	Port Input	49	4421802	42324	1
hulst	45	Pulse	49	4421802	42324	1
hulst	45	Port Input	49	4430301	50823	2
hulst	45	Pulse	49	4430301	50823	2
hulst	45	Port Input	49	4438800	59322	1
hulst	45	Pulse	49	4438800	59322	1
hulst	45	Port Input	49	4447300	67822	1
hulst	45	Pulse	49	4447300	67822	1
hulst	46	Picture	11	4447342	0	1	30014	2	0	next	other	0
hulst	46	Port Input	49	4455800	8458	1
hulst	46	Pulse	49	4455800	8458	1
hulst	46	Port Input	49	4464299	16957	1
hulst	46	Pulse	49	4464299	16957	1
hulst	46	Port Input	49	4472799	25457	1
hulst	46	Pulse	49	4472799	25457	1
hulst	46	Picture	2	4477356	30014	1	11932	2	30000	next	other	0


Event Type	Code	Type	Response	RT	RT Uncertainty	Time	Uncertainty	Duration	Uncertainty	ReqTime	ReqDur

Picture	13	other				469712	1	29846	3	0	next
Picture	2	other				499558	2	29681	3	30000	next
Picture	12	other				529239	1	29846	2	0	next
Picture	2	other				559085	1	89041	2	30000	next
Picture	14	other				648126	1	30013	2	0	next
Picture	2	other				678139	1	72033	2	30000	next
Picture	12	other				750172	1	30013	2	0	next
Picture	2	other				780185	1	80370	2	30000	next
Picture	13	other				860555	1	30013	3	0	next
Picture	2	other				890568	2	80537	3	30000	next
Picture	14	other				971105	1	30013	3	0	next
Picture	2	other				1001118	2	63529	3	30000	next
Picture	12	other				1064647	1	30014	2	0	next
Picture	2	other				1094661	1	29513	2	30000	next
Picture	12	other				1124174	1	29827	189	0	next
Picture	2	other				1154001	188	46541	189	30000	next
Picture	14	other				1200542	1	30013	3	0	next
Picture	2	other				1230555	2	97544	4	30000	next
Picture	11	other				1328099	2	30014	3	0	next
Picture	2	other				1358113	1	38017	2	30000	next
Picture	14	other				1396130	1	30014	2	0	next
Picture	2	other				1426144	1	88873	2	30000	next
Picture	12	other				1515017	1	30014	2	0	next
Picture	2	other				1545031	1	63529	2	30000	next
Picture	11	other				1608560	1	30013	2	0	next
Picture	2	other				1638573	1	97544	2	30000	next
Picture	13	other				1736117	1	30014	2	0	next
Picture	2	other				1766131	1	29513	2	30000	next
Picture	12	other				1795644	1	29847	2	0	next
Picture	2	other				1825491	1	55025	2	30000	next
Picture	14	other				1880516	1	30013	2	0	next
Picture	2	other				1910529	1	29514	2	30000	next
Picture	13	other				1940043	1	30013	2	0	next
Picture	2	other				1970056	1	97544	3	30000	next
Picture	13	other				2067600	2	30014	3	0	next
Picture	2	other				2097614	1	29513	2	30000	next
Picture	14	other				2127127	1	29847	2	0	next
Picture	2	other				2156974	1	80536	3	30000	next
Picture	11	other				2237510	2	30014	3	0	next
Picture	2	other				2267524	1	89040	2	30000	next
Picture	14	other				2356564	1	30014	2	0	next
Picture	2	other				2386578	1	89040	2	30000	next
Picture	11	other				2475618	1	29847	2	0	next
Picture	2	other				2505465	1	29513	2	30000	next
Picture	12	other				2534978	1	30014	2	0	next
Picture	2	other				2564992	1	55024	3	30000	next
Picture	14	other				2620016	2	30014	3	0	next
Picture	2	other				2650030	1	46521	2	30000	next
Picture	11	other				2696551	1	30014	2	0	next
Picture	2	other				2726565	1	88873	2	30000	next
Picture	11	other				2815438	1	30014	2	0	next
Picture	2	other				2845452	1	55025	2	30000	next
Picture	11	other				2900477	1	30013	2	0	next
Picture	2	other				2930490	1	97544	2	30000	next
Picture	12	other				3028034	1	30014	2	0	next
Picture	2	other				3058048	1	38017	2	30000	next
Picture	13	other				3096065	1	29847	2	0	next
Picture	2	other				3125912	1	46521	2	30000	next
Picture	13	other				3172433	1	30013	3	0	next
Picture	2	other				3202446	2	38018	4	30000	next
Picture	12	other				3240464	2	30013	3	0	next
Picture	2	other				3270477	1	38017	2	30000	next
Picture	11	other				3308494	1	30014	2	0	next
Picture	2	other				3338508	1	89040	2	30000	next
Picture	13	other				3427548	1	29847	2	0	next
Picture	2	other				3457395	1	72033	2	30000	next
Picture	12	other				3529428	1	30013	2	0	next
Picture	2	other				3559441	1	63529	2	30000	next
Picture	14	other				3622970	1	30013	2	0	next
Picture	2	other				3652983	1	38018	2	30000	next
Picture	13	other				3691001	1	30013	2	0	next
Picture	2	other				3721014	1	88874	2	30000	next
Picture	13	other				3809888	1	30013	2	0	next
Picture	2	other				3839901	1	72033	2	30000	next
Picture	14	other				3911934	1	30013	2	0	next
Picture	2	other				3941947	1	55025	2	30000	next
Picture	11	other				3996972	1	30014	2	0	next
Picture	2	other				4026986	1	63528	2	30000	next
Picture	14	other				4090514	1	29847	2	0	next
Picture	2	other				4120361	1	55025	2	30000	next
Picture	11	other				4175386	1	30014	2	0	next
Picture	2	other				4205400	1	29513	2	30000	next
Picture	12	other				4234913	1	30014	2	0	next
Picture	2	other				4264927	1	46521	2	30000	next
Picture	14	other				4311448	1	30013	2	0	next
Picture	2	other				4341461	1	38017	2	30000	next
Picture	11	other				4379478	1	29847	2	0	next
Picture	2	other				4409325	1	38017	2	30000	next
Picture	11	other				4447342	1	30014	2	0	next
Picture	2	other				4477356	1	11932	2	30000	next
